\BOOKMARK [1][-]{section.1}{Introduction}{}% 1
\BOOKMARK [1][-]{section.2}{Publications}{}% 2
\BOOKMARK [2][-]{subsection.2.1}{Saliency}{section.2}% 3
\BOOKMARK [2][-]{subsection.2.2}{Salient regions}{section.2}% 4
\BOOKMARK [2][-]{subsection.2.3}{Convolutional Neural Networks}{section.2}% 5
\BOOKMARK [1][-]{section.3}{Software}{}% 6
\BOOKMARK [2][-]{subsection.3.1}{Saliency}{section.3}% 7
\BOOKMARK [3][-]{subsubsection.3.1.1}{SaliencyToolbox}{subsection.3.1}% 8
\BOOKMARK [3][-]{subsubsection.3.1.2}{Frequency-tuned Saliency}{subsection.3.1}% 9
\BOOKMARK [2][-]{subsection.3.2}{Dataset annotation}{section.3}% 10
\BOOKMARK [3][-]{subsubsection.3.2.1}{LabelMe}{subsection.3.2}% 11
\BOOKMARK [3][-]{subsubsection.3.2.2}{Photo-identification}{subsection.3.2}% 12
\BOOKMARK [2][-]{subsection.3.3}{Convolutional Neural Networks}{section.3}% 13
\BOOKMARK [3][-]{subsubsection.3.3.1}{Caffe}{subsection.3.3}% 14
\BOOKMARK [3][-]{subsubsection.3.3.2}{Torch7}{subsection.3.3}% 15
\BOOKMARK [3][-]{subsubsection.3.3.3}{Theano}{subsection.3.3}% 16
\BOOKMARK [3][-]{subsubsection.3.3.4}{DeepLearnToolbox}{subsection.3.3}% 17
\BOOKMARK [3][-]{subsubsection.3.3.5}{Deeplearning4j}{subsection.3.3}% 18
\BOOKMARK [1][-]{section.4}{Datasets}{}% 19
\BOOKMARK [2][-]{subsection.4.1}{Image Saliency Datasets}{section.4}% 20
\BOOKMARK [3][-]{subsubsection.4.1.1}{MSRA}{subsection.4.1}% 21
\BOOKMARK [3][-]{subsubsection.4.1.2}{MSRA10k}{subsection.4.1}% 22
\BOOKMARK [3][-]{subsubsection.4.1.3}{CSSD and ECSSD}{subsection.4.1}% 23
\BOOKMARK [3][-]{subsubsection.4.1.4}{DUT-OMRON}{subsection.4.1}% 24
\BOOKMARK [3][-]{subsubsection.4.1.5}{PASCAL-S}{subsection.4.1}% 25
\BOOKMARK [2][-]{subsection.4.2}{Multimedia Datasets}{section.4}% 26
\BOOKMARK [3][-]{subsubsection.4.2.1}{MSRA-MM}{subsection.4.2}% 27
\BOOKMARK [2][-]{subsection.4.3}{Object and Scene Recognition Datasets}{section.4}% 28
\BOOKMARK [3][-]{subsubsection.4.3.1}{MIT-CSAIL}{subsection.4.3}% 29
\BOOKMARK [3][-]{subsubsection.4.3.2}{LabelMe}{subsection.4.3}% 30
\BOOKMARK [3][-]{subsubsection.4.3.3}{SUN}{subsection.4.3}% 31
\BOOKMARK [3][-]{subsubsection.4.3.4}{Places}{subsection.4.3}% 32
\BOOKMARK [1][-]{section.5}{Applications}{}% 33
\BOOKMARK [2][-]{subsection.5.1}{Animal biometrics}{section.5}% 34
\BOOKMARK [1][-]{section.6}{Conclusions}{}% 35
