This is pdfTeX, Version 3.1415926-2.5-1.40.14 (TeX Live 2013/Debian) (format=pdflatex 2015.3.16)  30 JUN 2015 14:52
entering extended mode
 restricted \write18 enabled.
 file:line:error style messages enabled.
 %&-line parsing enabled.
**\input overview.tex
(./overview.tex (/usr/share/texlive/texmf-dist/tex/latex/base/article.cls
Document Class: article 2007/10/19 v1.4h Standard LaTeX document class
(/usr/share/texlive/texmf-dist/tex/latex/base/size11.clo
File: size11.clo 2007/10/19 v1.4h Standard LaTeX file (size option)
)
\c@part=\count79
\c@section=\count80
\c@subsection=\count81
\c@subsubsection=\count82
\c@paragraph=\count83
\c@subparagraph=\count84
\c@figure=\count85
\c@table=\count86
\abovecaptionskip=\skip41
\belowcaptionskip=\skip42
\bibindent=\dimen102
)
(/usr/share/texlive/texmf-dist/tex/latex/graphics/graphicx.sty
Package: graphicx 1999/02/16 v1.0f Enhanced LaTeX Graphics (DPC,SPQR)

(/usr/share/texlive/texmf-dist/tex/latex/graphics/keyval.sty
Package: keyval 1999/03/16 v1.13 key=value parser (DPC)
\KV@toks@=\toks14
)
(/usr/share/texlive/texmf-dist/tex/latex/graphics/graphics.sty
Package: graphics 2009/02/05 v1.0o Standard LaTeX Graphics (DPC,SPQR)

(/usr/share/texlive/texmf-dist/tex/latex/graphics/trig.sty
Package: trig 1999/03/16 v1.09 sin cos tan (DPC)
)
(/usr/share/texlive/texmf-dist/tex/latex/latexconfig/graphics.cfg
File: graphics.cfg 2010/04/23 v1.9 graphics configuration of TeX Live
)
Package graphics Info: Driver file: pdftex.def on input line 91.

(/usr/share/texlive/texmf-dist/tex/latex/pdftex-def/pdftex.def
File: pdftex.def 2011/05/27 v0.06d Graphics/color for pdfTeX

(/usr/share/texlive/texmf-dist/tex/generic/oberdiek/infwarerr.sty
Package: infwarerr 2010/04/08 v1.3 Providing info/warning/error messages (HO)
)
(/usr/share/texlive/texmf-dist/tex/generic/oberdiek/ltxcmds.sty
Package: ltxcmds 2011/11/09 v1.22 LaTeX kernel commands for general use (HO)
)
\Gread@gobject=\count87
))
\Gin@req@height=\dimen103
\Gin@req@width=\dimen104
)
(/usr/share/texlive/texmf-dist/tex/latex/fancyvrb/fancyvrb.sty
Package: fancyvrb 2008/02/07

Style option: `fancyvrb' v2.7a, with DG/SPQR fixes, and firstline=lastline fix 
<2008/02/07> (tvz)
\FV@CodeLineNo=\count88
\FV@InFile=\read1
\FV@TabBox=\box26
\c@FancyVerbLine=\count89
\FV@StepNumber=\count90
\FV@OutFile=\write3
)
(/usr/share/texlive/texmf-dist/tex/latex/hyperref/hyperref.sty
Package: hyperref 2012/11/06 v6.83m Hypertext links for LaTeX

(/usr/share/texlive/texmf-dist/tex/generic/oberdiek/hobsub-hyperref.sty
Package: hobsub-hyperref 2012/05/28 v1.13 Bundle oberdiek, subset hyperref (HO)


(/usr/share/texlive/texmf-dist/tex/generic/oberdiek/hobsub-generic.sty
Package: hobsub-generic 2012/05/28 v1.13 Bundle oberdiek, subset generic (HO)
Package: hobsub 2012/05/28 v1.13 Construct package bundles (HO)
Package hobsub Info: Skipping package `infwarerr' (already loaded).
Package hobsub Info: Skipping package `ltxcmds' (already loaded).
Package: ifluatex 2010/03/01 v1.3 Provides the ifluatex switch (HO)
Package ifluatex Info: LuaTeX not detected.
Package: ifvtex 2010/03/01 v1.5 Detect VTeX and its facilities (HO)
Package ifvtex Info: VTeX not detected.
Package: intcalc 2007/09/27 v1.1 Expandable calculations with integers (HO)
Package: ifpdf 2011/01/30 v2.3 Provides the ifpdf switch (HO)
Package ifpdf Info: pdfTeX in PDF mode is detected.
Package: etexcmds 2011/02/16 v1.5 Avoid name clashes with e-TeX commands (HO)
Package etexcmds Info: Could not find \expanded.
(etexcmds)             That can mean that you are not using pdfTeX 1.50 or
(etexcmds)             that some package has redefined \expanded.
(etexcmds)             In the latter case, load this package earlier.
Package: kvsetkeys 2012/04/25 v1.16 Key value parser (HO)
Package: kvdefinekeys 2011/04/07 v1.3 Define keys (HO)
Package: pdftexcmds 2011/11/29 v0.20 Utility functions of pdfTeX for LuaTeX (HO
)
Package pdftexcmds Info: LuaTeX not detected.
Package pdftexcmds Info: \pdf@primitive is available.
Package pdftexcmds Info: \pdf@ifprimitive is available.
Package pdftexcmds Info: \pdfdraftmode found.
Package: pdfescape 2011/11/25 v1.13 Implements pdfTeX's escape features (HO)
Package: bigintcalc 2012/04/08 v1.3 Expandable calculations on big integers (HO
)
Package: bitset 2011/01/30 v1.1 Handle bit-vector datatype (HO)
Package: uniquecounter 2011/01/30 v1.2 Provide unlimited unique counter (HO)
)
Package hobsub Info: Skipping package `hobsub' (already loaded).
Package: letltxmacro 2010/09/02 v1.4 Let assignment for LaTeX macros (HO)
Package: hopatch 2012/05/28 v1.2 Wrapper for package hooks (HO)
Package: xcolor-patch 2011/01/30 xcolor patch
Package: atveryend 2011/06/30 v1.8 Hooks at the very end of document (HO)
Package atveryend Info: \enddocument detected (standard20110627).
Package: atbegshi 2011/10/05 v1.16 At begin shipout hook (HO)
Package: refcount 2011/10/16 v3.4 Data extraction from label references (HO)
Package: hycolor 2011/01/30 v1.7 Color options for hyperref/bookmark (HO)
)
(/usr/share/texlive/texmf-dist/tex/generic/ifxetex/ifxetex.sty
Package: ifxetex 2010/09/12 v0.6 Provides ifxetex conditional
)
(/usr/share/texlive/texmf-dist/tex/latex/oberdiek/auxhook.sty
Package: auxhook 2011/03/04 v1.3 Hooks for auxiliary files (HO)
)
(/usr/share/texlive/texmf-dist/tex/latex/oberdiek/kvoptions.sty
Package: kvoptions 2011/06/30 v3.11 Key value format for package options (HO)
)
\@linkdim=\dimen105
\Hy@linkcounter=\count91
\Hy@pagecounter=\count92

(/usr/share/texlive/texmf-dist/tex/latex/hyperref/pd1enc.def
File: pd1enc.def 2012/11/06 v6.83m Hyperref: PDFDocEncoding definition (HO)
)
\Hy@SavedSpaceFactor=\count93

(/usr/share/texlive/texmf-dist/tex/latex/latexconfig/hyperref.cfg
File: hyperref.cfg 2002/06/06 v1.2 hyperref configuration of TeXLive
)
Package hyperref Info: Hyper figures OFF on input line 4443.
Package hyperref Info: Link nesting OFF on input line 4448.
Package hyperref Info: Hyper index ON on input line 4451.
Package hyperref Info: Plain pages OFF on input line 4458.
Package hyperref Info: Backreferencing OFF on input line 4463.
Package hyperref Info: Implicit mode ON; LaTeX internals redefined.
Package hyperref Info: Bookmarks ON on input line 4688.
\c@Hy@tempcnt=\count94

(/usr/share/texlive/texmf-dist/tex/latex/url/url.sty
\Urlmuskip=\muskip10
Package: url 2013/09/16  ver 3.4  Verb mode for urls, etc.
)
LaTeX Info: Redefining \url on input line 5041.
\XeTeXLinkMargin=\dimen106
\Fld@menulength=\count95
\Field@Width=\dimen107
\Fld@charsize=\dimen108
Package hyperref Info: Hyper figures OFF on input line 6295.
Package hyperref Info: Link nesting OFF on input line 6300.
Package hyperref Info: Hyper index ON on input line 6303.
Package hyperref Info: backreferencing OFF on input line 6310.
Package hyperref Info: Link coloring OFF on input line 6315.
Package hyperref Info: Link coloring with OCG OFF on input line 6320.
Package hyperref Info: PDF/A mode OFF on input line 6325.
LaTeX Info: Redefining \ref on input line 6365.
LaTeX Info: Redefining \pageref on input line 6369.
\Hy@abspage=\count96
\c@Item=\count97
\c@Hfootnote=\count98
)

Package hyperref Message: Driver (autodetected): hpdftex.

(/usr/share/texlive/texmf-dist/tex/latex/hyperref/hpdftex.def
File: hpdftex.def 2012/11/06 v6.83m Hyperref driver for pdfTeX
\Fld@listcount=\count99
\c@bookmark@seq@number=\count100

(/usr/share/texlive/texmf-dist/tex/latex/oberdiek/rerunfilecheck.sty
Package: rerunfilecheck 2011/04/15 v1.7 Rerun checks for auxiliary files (HO)
Package uniquecounter Info: New unique counter `rerunfilecheck' on input line 2
82.
)
\Hy@SectionHShift=\skip43
)
(/usr/share/texlive/texmf-dist/tex/latex/float/float.sty
Package: float 2001/11/08 v1.3d Float enhancements (AL)
\c@float@type=\count101
\float@exts=\toks15
\float@box=\box27
\@float@everytoks=\toks16
\@floatcapt=\box28
) (./overview.aux)
\openout1 = `overview.aux'.

LaTeX Font Info:    Checking defaults for OML/cmm/m/it on input line 19.
LaTeX Font Info:    ... okay on input line 19.
LaTeX Font Info:    Checking defaults for T1/cmr/m/n on input line 19.
LaTeX Font Info:    ... okay on input line 19.
LaTeX Font Info:    Checking defaults for OT1/cmr/m/n on input line 19.
LaTeX Font Info:    ... okay on input line 19.
LaTeX Font Info:    Checking defaults for OMS/cmsy/m/n on input line 19.
LaTeX Font Info:    ... okay on input line 19.
LaTeX Font Info:    Checking defaults for OMX/cmex/m/n on input line 19.
LaTeX Font Info:    ... okay on input line 19.
LaTeX Font Info:    Checking defaults for U/cmr/m/n on input line 19.
LaTeX Font Info:    ... okay on input line 19.
LaTeX Font Info:    Checking defaults for PD1/pdf/m/n on input line 19.
LaTeX Font Info:    ... okay on input line 19.

(/usr/share/texlive/texmf-dist/tex/context/base/supp-pdf.mkii
[Loading MPS to PDF converter (version 2006.09.02).]
\scratchcounter=\count102
\scratchdimen=\dimen109
\scratchbox=\box29
\nofMPsegments=\count103
\nofMParguments=\count104
\everyMPshowfont=\toks17
\MPscratchCnt=\count105
\MPscratchDim=\dimen110
\MPnumerator=\count106
\makeMPintoPDFobject=\count107
\everyMPtoPDFconversion=\toks18
) (/usr/share/texlive/texmf-dist/tex/latex/oberdiek/epstopdf-base.sty
Package: epstopdf-base 2010/02/09 v2.5 Base part for package epstopdf

(/usr/share/texlive/texmf-dist/tex/latex/oberdiek/grfext.sty
Package: grfext 2010/08/19 v1.1 Manage graphics extensions (HO)
)
Package grfext Info: Graphics extension search list:
(grfext)             [.png,.pdf,.jpg,.mps,.jpeg,.jbig2,.jb2,.PNG,.PDF,.JPG,.JPE
G,.JBIG2,.JB2,.eps]
(grfext)             \AppendGraphicsExtensions on input line 452.

(/usr/share/texlive/texmf-dist/tex/latex/latexconfig/epstopdf-sys.cfg
File: epstopdf-sys.cfg 2010/07/13 v1.3 Configuration of (r)epstopdf for TeX Liv
e
))
\AtBeginShipoutBox=\box30
Package hyperref Info: Link coloring OFF on input line 19.

(/usr/share/texlive/texmf-dist/tex/latex/hyperref/nameref.sty
Package: nameref 2012/10/27 v2.43 Cross-referencing by name of section

(/usr/share/texlive/texmf-dist/tex/generic/oberdiek/gettitlestring.sty
Package: gettitlestring 2010/12/03 v1.4 Cleanup title references (HO)
)
\c@section@level=\count108
)
LaTeX Info: Redefining \ref on input line 19.
LaTeX Info: Redefining \pageref on input line 19.
LaTeX Info: Redefining \nameref on input line 19.

(./overview.out) (./overview.out)
\@outlinefile=\write4
\openout4 = `overview.out'.


<fig/logo.png, id=143, 353.06906pt x 86.57344pt>
File: fig/logo.png Graphic file (type png)
 <use fig/logo.png>
Package pdftex.def Info: fig/logo.png used on input line 24.
(pdftex.def)             Requested size: 271.01524pt x 66.45433pt.

Underfull \hbox (badness 10000) in paragraph at lines 30--37

 []

[1

{/var/lib/texmf/fonts/map/pdftex/updmap/pdftex.map} <./fig/logo.png>]
(./overview.toc
LaTeX Font Info:    External font `cmex10' loaded for size
(Font)              <10.95> on input line 3.
LaTeX Font Info:    External font `cmex10' loaded for size
(Font)              <8> on input line 3.
LaTeX Font Info:    External font `cmex10' loaded for size
(Font)              <6> on input line 3.
)
\tf@toc=\write5
\openout5 = `overview.toc'.

pdfTeX warning (ext4): destination with the same identifier (name{page.1}) has 
been already used, duplicate ignored
<to be read again> 
                   \relax 
l.44 \newpage
              [1] (./introduction.tex
LaTeX Font Info:    Try loading font information for OMS+cmr on input line 14.

(/usr/share/texlive/texmf-dist/tex/latex/base/omscmr.fd
File: omscmr.fd 1999/05/25 v2.5h Standard LaTeX font definitions
)
LaTeX Font Info:    Font shape `OMS/cmr/m/n' in size <10.95> not available
(Font)              Font shape `OMS/cmsy/m/n' tried instead on input line 14.

<fig/saliency.png, id=198, 332.74312pt x 222.8325pt>
File: fig/saliency.png Graphic file (type png)
 <use fig/saliency.png>
Package pdftex.def Info: fig/saliency.png used on input line 23.
(pdftex.def)             Requested size: 361.35136pt x 242.00537pt.

[2pdfTeX warning (ext4): destination with the same identifier (name{figure.1}) 
has been already used, duplicate ignored

\AtBegShi@Output ...ipout \box \AtBeginShipoutBox 
                                                  \fi \fi 
l.32 \item I
            mage panorama stiching/creation <./fig/saliency.png (PNG copy)>]
<fig/photoid.png, id=211, 599.99156pt x 316.93407pt>
File: fig/photoid.png Graphic file (type png)
 <use fig/photoid.png>
Package pdftex.def Info: fig/photoid.png used on input line 39.
(pdftex.def)             Requested size: 361.35136pt x 190.88246pt.

<fig/woodphotoid.png, id=212, 741.52031pt x 321.45094pt>
File: fig/woodphotoid.png Graphic file (type png)

<use fig/woodphotoid.png>
Package pdftex.def Info: fig/woodphotoid.png used on input line 48.
(pdftex.def)             Requested size: 361.35136pt x 156.64906pt.
 [3pdfTeX warning (ext4): destination with the same identifier (name{figure.2})
 has been already used, duplicate ignored

\AtBegShi@Output ...ipout \box \AtBeginShipoutBox 
                                                  \fi \fi 
l.59 \item H
            uman machine interaction, etc.pdfTeX warning (ext4): destination wi
th the same identifier (name{figure.3}) has been already used, duplicate ignore
d

\AtBegShi@Output ...ipout \box \AtBeginShipoutBox 
                                                  \fi \fi 
l.59 \item H
            uman machine interaction, etc. <./fig/photoid.png (PNG copy)> <./fi
g/woodphotoid.png (PNG copy)>]
<fig/mitdemo.png, id=221, 530.73282pt x 396.7322pt>
File: fig/mitdemo.png Graphic file (type png)
 <use fig/mitdemo.png>
Package pdftex.def Info: fig/mitdemo.png used on input line 65.
(pdftex.def)             Requested size: 361.35136pt x 270.11937pt.
)
(./publications.tex
<fig/SalientFeatures_Liu2007.png, id=230, 749.80125pt x 432.11438pt>
File: fig/SalientFeatures_Liu2007.png Graphic file (type png)

<use fig/SalientFeatures_Liu2007.png>
Package pdftex.def Info: fig/SalientFeatures_Liu2007.png used on input line 10.

(pdftex.def)             Requested size: 429.10175pt x 247.29677pt.
 [4pdfTeX warning (ext4): destination with the same identifier (name{figure.4})
 has been already used, duplicate ignored

\AtBegShi@Output ...ipout \box \AtBeginShipoutBox 
                                                  \fi \fi 
l.14 \end{figure}
                  <./fig/mitdemo.png (PNG copy)>] [5pdfTeX warning (ext4): dest
ination with the same identifier (name{figure.5}) has been already used, duplic
ate ignored

\AtBegShi@Output ...ipout \box \AtBeginShipoutBox 
                                                  \fi \fi 
l.31 
      <./fig/SalientFeatures_Liu2007.png (PNG copy)>]
<fig/Hierarchy_Yan13.png, id=252, 610.53094pt x 287.57437pt>
File: fig/Hierarchy_Yan13.png Graphic file (type png)

<use fig/Hierarchy_Yan13.png>
Package pdftex.def Info: fig/Hierarchy_Yan13.png used on input line 34.
(pdftex.def)             Requested size: 429.10175pt x 202.12563pt.
) (./software.tex [6pdfTeX warning (ext4): destination with the same identifier
 (name{figure.6}) has been already used, duplicate ignored

\AtBegShi@Output ...ipout \box \AtBeginShipoutBox 
                                                  \fi \fi 
l.6 \subsection
               {Saliency} <./fig/Hierarchy_Yan13.png (PNG copy)>] [7])
(./datasets.tex <fig/MSRA.png, id=297, 575.90157pt x 195.73125pt>
File: fig/MSRA.png Graphic file (type png)

<use fig/MSRA.png>
Package pdftex.def Info: fig/MSRA.png used on input line 11.
(pdftex.def)             Requested size: 429.10175pt x 145.84235pt.
 <fig/MSRA10k.png, id=301, 931.98187pt x 432.11438pt>
File: fig/MSRA10k.png Graphic file (type png)

<use fig/MSRA10k.png>
Package pdftex.def Info: fig/MSRA10k.png used on input line 23.
(pdftex.def)             Requested size: 429.10175pt x 198.95305pt.
 [8pdfTeX warning (ext4): destination with the same identifier (name{figure.7})
 has been already used, duplicate ignored

\AtBegShi@Output ...ipout \box \AtBeginShipoutBox 
                                                  \fi \fi 
l.27 \end{figure}
                  <./fig/MSRA.png (PNG copy)>]
<fig/ECSSD.png, id=317, 603.0028pt x 337.26pt>
File: fig/ECSSD.png Graphic file (type png)
 <use fig/ECSSD.png>
Package pdftex.def Info: fig/ECSSD.png used on input line 37.
(pdftex.def)             Requested size: 429.10175pt x 239.99661pt.


LaTeX Warning: `h' float specifier changed to `ht'.

<fig/DUT-OMRON.png, id=321, 429.10312pt x 415.5525pt>
File: fig/DUT-OMRON.png Graphic file (type png)
 <use fig/DUT-OMRON.png>
Package pdftex.def Info: fig/DUT-OMRON.png used on input line 48.
(pdftex.def)             Requested size: 338.76563pt x 328.07362pt.

[9pdfTeX warning (ext4): destination with the same identifier (name{figure.8}) 
has been already used, duplicate ignored

\AtBegShi@Output ...ipout \box \AtBeginShipoutBox 
                                                  \fi \fi 
l.52 \end{figure}
                  <./fig/MSRA10k.png (PNG copy)>]

LaTeX Warning: `h' float specifier changed to `ht'.

<fig/PASCAL-S.png, id=337, 713.66624pt x 176.15813pt>
File: fig/PASCAL-S.png Graphic file (type png)
 <use fig/PASCAL-S.png>
Package pdftex.def Info: fig/PASCAL-S.png used on input line 59.
(pdftex.def)             Requested size: 429.10175pt x 105.91609pt.

[10pdfTeX warning (ext4): destination with the same identifier (name{figure.9})
 has been already used, duplicate ignored

\AtBegShi@Output ...ipout \box \AtBeginShipoutBox 
                                                  \fi \fi 
l.71 
     pdfTeX warning (ext4): destination with the same identifier (name{figure.1
1}) has been already used, duplicate ignored

\AtBegShi@Output ...ipout \box \AtBeginShipoutBox 
                                                  \fi \fi 
l.71 
      <./fig/ECSSD.png (PNG copy)> <./fig/PASCAL-S.png (PNG copy)>] [11pdfTeX w
arning (ext4): destination with the same identifier (name{figure.10}) has been 
already used, duplicate ignored

\AtBegShi@Output ...ipout \box \AtBeginShipoutBox 
                                                  \fi \fi 
l.77 
      <./fig/DUT-OMRON.png (PNG copy)>]
<fig/MIT-CSAIL.png, id=359, 621.07031pt x 369.63094pt>
File: fig/MIT-CSAIL.png Graphic file (type png)
 <use fig/MIT-CSAIL.png>
Package pdftex.def Info: fig/MIT-CSAIL.png used on input line 80.
(pdftex.def)             Requested size: 429.10175pt x 255.37837pt.
) (./applications.tex [12pdfTeX warning (ext4): destination with the same ident
ifier (name{figure.12}) has been already used, duplicate ignored

\AtBegShi@Output ...ipout \box \AtBeginShipoutBox 
                                                  \fi \fi 
l.1 \section
            {Applications} <./fig/MIT-CSAIL.png (PNG copy)>]
<fig/PhotoIDPenguins.png, id=381, 864.22874pt x 627.09282pt>
File: fig/PhotoIDPenguins.png Graphic file (type png)

<use fig/PhotoIDPenguins.png>
Package pdftex.def Info: fig/PhotoIDPenguins.png used on input line 17.
(pdftex.def)             Requested size: 429.10175pt x 311.35442pt.
 [13]) (./conclusions.tex) (./overview.bbl
Missing character: There is no Ã in font cmr10!
Missing character: There is no ¼ in font cmr10!

Underfull \hbox (badness 1661) in paragraph at lines 4--8
[]\OT1/cmr/m/n/10.95 Radhakrishna Achanta, Sheila Hemami, Fran-cisco Estrada, a
nd Sabine Ssstrunk.
 []

[14pdfTeX warning (ext4): destination with the same identifier (name{figure.13}
) has been already used, duplicate ignored

\AtBegShi@Output ...ipout \box \AtBeginShipoutBox 
                                                  \fi \fi 
l.26 
      <./fig/PhotoIDPenguins.png (PNG copy)>] [15]
Underfull \hbox (badness 4403) in paragraph at lines 169--174
[]\OT1/cmr/m/n/10.95 Microsoft Re-search Vi-sual Com-put-ing Group.  Msra salie
nt ob-ject database.
 []


Underfull \hbox (badness 10000) in paragraph at lines 169--174
[]$\OT1/cmtt/m/n/10.95 http : / / research . microsoft . com / en-[]us / um / p
eople / jiansun / salientobject /
 []

[16])
Package atveryend Info: Empty hook `BeforeClearDocument' on input line 56.
 [17]
Package atveryend Info: Empty hook `AfterLastShipout' on input line 56.
 (./overview.aux)
Package atveryend Info: Executing hook `AtVeryEndDocument' on input line 56.
Package atveryend Info: Executing hook `AtEndAfterFileList' on input line 56.
Package rerunfilecheck Info: File `overview.out' has not changed.
(rerunfilecheck)             Checksum: 8C3B9248661CAB3E7B581FBD41F3A8A2;2300.
Package atveryend Info: Empty hook `AtVeryVeryEnd' on input line 56.
 ) 
Here is how much of TeX's memory you used:
 5808 strings out of 495032
 86731 string characters out of 6181718
 171415 words of memory out of 5000000
 8843 multiletter control sequences out of 15000+600000
 9661 words of font info for 34 fonts, out of 8000000 for 9000
 14 hyphenation exceptions out of 8191
 29i,6n,28p,991b,428s stack positions out of 5000i,500n,10000p,200000b,80000s
</usr/share/texlive/texmf-dist/fonts/type1/public/amsfonts/cm/cmbx10.pfb></us
r/share/texlive/texmf-dist/fonts/type1/public/amsfonts/cm/cmbx12.pfb></usr/shar
e/texlive/texmf-dist/fonts/type1/public/amsfonts/cm/cmcsc10.pfb></usr/share/tex
live/texmf-dist/fonts/type1/public/amsfonts/cm/cmmi10.pfb></usr/share/texlive/t
exmf-dist/fonts/type1/public/amsfonts/cm/cmr10.pfb></usr/share/texlive/texmf-di
st/fonts/type1/public/amsfonts/cm/cmr12.pfb></usr/share/texlive/texmf-dist/font
s/type1/public/amsfonts/cm/cmsy10.pfb></usr/share/texlive/texmf-dist/fonts/type
1/public/amsfonts/cm/cmti10.pfb></usr/share/texlive/texmf-dist/fonts/type1/publ
ic/amsfonts/cm/cmti12.pfb></usr/share/texlive/texmf-dist/fonts/type1/public/ams
fonts/cm/cmtt10.pfb>
Output written on overview.pdf (18 pages, 6013356 bytes).
PDF statistics:
 499 PDF objects out of 1000 (max. 8388607)
 109 named destinations out of 1000 (max. 500000)
 351 words of extra memory for PDF output out of 10000 (max. 10000000)

